Determining if the pthread_create exist failed with the following output:
Change Dir: /home/hnkim/catkin_dores/src/DORES/build/CMakeFiles/CMakeTmp

Run Build Command:"/usr/bin/make" "cmTC_3813d/fast"
/usr/bin/make -f CMakeFiles/cmTC_3813d.dir/build.make CMakeFiles/cmTC_3813d.dir/build
make[1]: Entering directory '/home/hnkim/catkin_dores/src/DORES/build/CMakeFiles/CMakeTmp'
Building C object CMakeFiles/cmTC_3813d.dir/CheckSymbolExists.c.o
/usr/bin/cc    -o CMakeFiles/cmTC_3813d.dir/CheckSymbolExists.c.o   -c /home/hnkim/catkin_dores/src/DORES/build/CMakeFiles/CMakeTmp/CheckSymbolExists.c
Linking C executable cmTC_3813d
/usr/bin/cmake -E cmake_link_script CMakeFiles/cmTC_3813d.dir/link.txt --verbose=1
/usr/bin/cc      -rdynamic CMakeFiles/cmTC_3813d.dir/CheckSymbolExists.c.o  -o cmTC_3813d 
CMakeFiles/cmTC_3813d.dir/CheckSymbolExists.c.o: In function `main':
CheckSymbolExists.c:(.text+0x1b): undefined reference to `pthread_create'
collect2: error: ld returned 1 exit status
CMakeFiles/cmTC_3813d.dir/build.make:97: recipe for target 'cmTC_3813d' failed
make[1]: *** [cmTC_3813d] Error 1
make[1]: Leaving directory '/home/hnkim/catkin_dores/src/DORES/build/CMakeFiles/CMakeTmp'
Makefile:126: recipe for target 'cmTC_3813d/fast' failed
make: *** [cmTC_3813d/fast] Error 2

File /home/hnkim/catkin_dores/src/DORES/build/CMakeFiles/CMakeTmp/CheckSymbolExists.c:
/* */
#include <pthread.h>

int main(int argc, char** argv)
{
  (void)argv;
#ifndef pthread_create
  return ((int*)(&pthread_create))[argc];
#else
  (void)argc;
  return 0;
#endif
}

Determining if the function pthread_create exists in the pthreads failed with the following output:
Change Dir: /home/hnkim/catkin_dores/src/DORES/build/CMakeFiles/CMakeTmp

Run Build Command:"/usr/bin/make" "cmTC_83fd5/fast"
/usr/bin/make -f CMakeFiles/cmTC_83fd5.dir/build.make CMakeFiles/cmTC_83fd5.dir/build
make[1]: Entering directory '/home/hnkim/catkin_dores/src/DORES/build/CMakeFiles/CMakeTmp'
Building C object CMakeFiles/cmTC_83fd5.dir/CheckFunctionExists.c.o
/usr/bin/cc   -DCHECK_FUNCTION_EXISTS=pthread_create   -o CMakeFiles/cmTC_83fd5.dir/CheckFunctionExists.c.o   -c /usr/share/cmake-3.10/Modules/CheckFunctionExists.c
Linking C executable cmTC_83fd5
/usr/bin/cmake -E cmake_link_script CMakeFiles/cmTC_83fd5.dir/link.txt --verbose=1
/usr/bin/cc  -DCHECK_FUNCTION_EXISTS=pthread_create    -rdynamic CMakeFiles/cmTC_83fd5.dir/CheckFunctionExists.c.o  -o cmTC_83fd5 -lpthreads 
/usr/bin/ld: cannot find -lpthreads
collect2: error: ld returned 1 exit status
CMakeFiles/cmTC_83fd5.dir/build.make:97: recipe for target 'cmTC_83fd5' failed
make[1]: *** [cmTC_83fd5] Error 1
make[1]: Leaving directory '/home/hnkim/catkin_dores/src/DORES/build/CMakeFiles/CMakeTmp'
Makefile:126: recipe for target 'cmTC_83fd5/fast' failed
make: *** [cmTC_83fd5/fast] Error 2


Performing C SOURCE FILE Test CMAKE_HAVE_LIBC_PTHREAD failed with the following output:
Change Dir: /home/airlab/catkin_dores/src/DORES/build/CMakeFiles/CMakeTmp

Run Build Command(s):/usr/bin/make cmTC_67fad/fast && /usr/bin/make -f CMakeFiles/cmTC_67fad.dir/build.make CMakeFiles/cmTC_67fad.dir/build
make[1]: Entering directory '/home/airlab/catkin_dores/src/DORES/build/CMakeFiles/CMakeTmp'
Building C object CMakeFiles/cmTC_67fad.dir/src.c.o
/usr/bin/cc   -DCMAKE_HAVE_LIBC_PTHREAD   -o CMakeFiles/cmTC_67fad.dir/src.c.o   -c /home/airlab/catkin_dores/src/DORES/build/CMakeFiles/CMakeTmp/src.c
Linking C executable cmTC_67fad
/usr/bin/cmake -E cmake_link_script CMakeFiles/cmTC_67fad.dir/link.txt --verbose=1
/usr/bin/cc  -DCMAKE_HAVE_LIBC_PTHREAD    -rdynamic CMakeFiles/cmTC_67fad.dir/src.c.o  -o cmTC_67fad 
/usr/bin/ld: CMakeFiles/cmTC_67fad.dir/src.c.o: in function `main':
src.c:(.text+0x46): undefined reference to `pthread_create'
/usr/bin/ld: src.c:(.text+0x52): undefined reference to `pthread_detach'
/usr/bin/ld: src.c:(.text+0x63): undefined reference to `pthread_join'
collect2: error: ld returned 1 exit status
make[1]: *** [CMakeFiles/cmTC_67fad.dir/build.make:87: cmTC_67fad] Error 1
make[1]: Leaving directory '/home/airlab/catkin_dores/src/DORES/build/CMakeFiles/CMakeTmp'
make: *** [Makefile:121: cmTC_67fad/fast] Error 2


Source file was:
#include <pthread.h>

void* test_func(void* data)
{
  return data;
}

int main(void)
{
  pthread_t thread;
  pthread_create(&thread, NULL, test_func, NULL);
  pthread_detach(thread);
  pthread_join(thread, NULL);
  pthread_atfork(NULL, NULL, NULL);
  pthread_exit(NULL);

  return 0;
}

Determining if the function pthread_create exists in the pthreads failed with the following output:
Change Dir: /home/airlab/catkin_dores/src/DORES/build/CMakeFiles/CMakeTmp

Run Build Command(s):/usr/bin/make cmTC_ab013/fast && /usr/bin/make -f CMakeFiles/cmTC_ab013.dir/build.make CMakeFiles/cmTC_ab013.dir/build
make[1]: Entering directory '/home/airlab/catkin_dores/src/DORES/build/CMakeFiles/CMakeTmp'
Building C object CMakeFiles/cmTC_ab013.dir/CheckFunctionExists.c.o
/usr/bin/cc   -DCHECK_FUNCTION_EXISTS=pthread_create   -o CMakeFiles/cmTC_ab013.dir/CheckFunctionExists.c.o   -c /usr/share/cmake-3.16/Modules/CheckFunctionExists.c
Linking C executable cmTC_ab013
/usr/bin/cmake -E cmake_link_script CMakeFiles/cmTC_ab013.dir/link.txt --verbose=1
/usr/bin/cc  -DCHECK_FUNCTION_EXISTS=pthread_create    -rdynamic CMakeFiles/cmTC_ab013.dir/CheckFunctionExists.c.o  -o cmTC_ab013  -lpthreads 
/usr/bin/ld: cannot find -lpthreads
collect2: error: ld returned 1 exit status
make[1]: *** [CMakeFiles/cmTC_ab013.dir/build.make:87: cmTC_ab013] Error 1
make[1]: Leaving directory '/home/airlab/catkin_dores/src/DORES/build/CMakeFiles/CMakeTmp'
make: *** [Makefile:121: cmTC_ab013/fast] Error 2



